2025-06-28 11:09:16,217 - WARNING - No GPU available, using minimal test configuration
2025-06-28 11:09:16,263 - INFO - Using device: cpu
2025-06-28 11:09:19,154 - INFO - Total model parameters: 8,948,992
2025-06-28 11:09:19,156 - INFO - Starting Geometric Language Model Experiment
2025-06-28 11:09:19,173 - INFO - Starting training...
2025-06-28 11:09:19,179 - INFO - Loaded 50 text samples
2025-06-28 11:11:12,614 - WARNING - No GPU available, using minimal test configuration
2025-06-28 11:11:12,651 - INFO - Using device: cpu
2025-06-28 11:11:14,862 - INFO - Total model parameters: 9,078,784
2025-06-28 11:11:14,863 - INFO - Starting Geometric Language Model Experiment
2025-06-28 11:11:14,877 - INFO - Starting training...
2025-06-28 11:11:14,880 - INFO - Loaded 50 text samples
2025-06-28 11:11:35,894 - INFO - Epoch 1: Average Loss = 10.5632
2025-06-28 11:11:36,902 - INFO - Training completed in 0.01 hours
2025-06-28 11:11:36,905 - INFO - Evaluating similarity tasks...
2025-06-28 11:11:36,914 - INFO - Evaluating on wordsim353...
2025-06-28 11:12:26,001 - WARNING - No GPU available, using minimal test configuration
2025-06-28 11:12:26,040 - INFO - Using device: cpu
2025-06-28 11:12:27,238 - INFO - Total model parameters: 9,078,784
2025-06-28 11:12:27,239 - INFO - Starting Geometric Language Model Experiment
2025-06-28 11:12:27,252 - INFO - Starting training...
2025-06-28 11:12:27,255 - INFO - Loaded 50 text samples
2025-06-28 11:12:44,356 - INFO - Epoch 1: Average Loss = 10.5632
2025-06-28 11:12:45,151 - INFO - Training completed in 0.00 hours
2025-06-28 11:12:45,152 - INFO - Evaluating similarity tasks...
2025-06-28 11:12:45,156 - INFO - Evaluating on wordsim353...
2025-06-28 11:12:54,830 - INFO - wordsim353: Spearman=-0.013, Pearson=0.102
2025-06-28 11:12:54,834 - INFO - Evaluating on simlex999...
2025-06-28 11:13:20,540 - INFO - simlex999: Spearman=-0.002, Pearson=0.002
2025-06-28 11:13:20,546 - INFO - Evaluating on scws_sample...
2025-06-28 11:13:20,694 - INFO - scws_sample: Spearman=0.800, Pearson=0.926
2025-06-28 11:13:20,701 - INFO - Evaluating on cosimlx_sample...
2025-06-28 11:13:20,954 - INFO - cosimlx_sample: Spearman=-0.100, Pearson=0.022
2025-06-28 11:13:20,956 - INFO - Evaluating BERT baseline...
2025-06-28 11:16:01,475 - WARNING - No GPU available, using minimal test configuration
2025-06-28 11:16:01,576 - INFO - Using device: cpu
2025-06-28 11:16:04,109 - INFO - Total model parameters: 9,078,784
2025-06-28 11:16:04,112 - INFO - Starting Geometric Language Model Experiment
2025-06-28 11:16:04,138 - INFO - Starting training...
2025-06-28 11:16:04,144 - INFO - Loaded 50 text samples
2025-06-28 11:16:48,083 - INFO - Epoch 1: Average Loss = 10.5632
2025-06-28 11:16:49,764 - INFO - Training completed in 0.01 hours
2025-06-28 11:16:49,767 - INFO - Evaluating similarity tasks...
2025-06-28 11:16:49,774 - INFO - Evaluating on wordsim353...
2025-06-28 11:17:27,823 - INFO - wordsim353: Spearman=-0.013, Pearson=0.102
2025-06-28 11:17:27,834 - INFO - Evaluating on simlex999...
2025-06-28 11:19:30,798 - INFO - simlex999: Spearman=-0.002, Pearson=0.002
2025-06-28 11:19:30,839 - INFO - Evaluating on scws_sample...
2025-06-28 11:19:31,312 - INFO - scws_sample: Spearman=0.800, Pearson=0.926
2025-06-28 11:19:31,326 - INFO - Evaluating on cosimlx_sample...
2025-06-28 11:19:32,664 - INFO - cosimlx_sample: Spearman=-0.100, Pearson=0.022
2025-06-28 11:19:32,674 - INFO - Evaluating BERT baseline...
2025-06-28 17:21:16,585 - WARNING - No GPU available, using minimal test configuration
2025-06-28 17:21:16,740 - INFO - Using device: cpu
2025-06-28 17:21:18,100 - INFO - Total model parameters: 9,078,784
2025-06-28 17:21:18,101 - INFO - Starting Geometric Language Model Experiment
2025-06-28 17:21:18,110 - INFO - Starting training...
2025-06-28 17:21:18,112 - INFO - Loaded 50 text samples
2025-06-28 17:21:27,359 - INFO - Epoch 1: Average Loss = 10.5632
2025-06-28 17:21:28,017 - INFO - Training completed in 0.00 hours
2025-06-28 17:21:28,026 - INFO - Evaluating similarity tasks...
2025-06-28 17:21:28,034 - INFO - Evaluating on wordsim353...
2025-06-28 17:21:32,218 - INFO - wordsim353: Spearman=-0.013, Pearson=0.102
2025-06-28 17:21:32,221 - INFO - Evaluating on simlex999...
2025-06-28 17:21:42,279 - INFO - simlex999: Spearman=-0.002, Pearson=0.002
2025-06-28 17:21:42,284 - INFO - Evaluating on scws_sample...
2025-06-28 17:21:42,370 - INFO - scws_sample: Spearman=0.800, Pearson=0.926
2025-06-28 17:21:42,375 - INFO - Evaluating on cosimlx_sample...
2025-06-28 17:21:42,490 - INFO - cosimlx_sample: Spearman=-0.100, Pearson=0.022
2025-06-28 17:21:42,491 - INFO - Evaluating BERT baseline...
2025-06-28 17:22:06,846 - INFO - BERT wordsim353: Spearman=0.574
2025-06-28 17:23:52,918 - WARNING - No GPU available, using minimal test configuration
2025-06-28 17:23:52,949 - INFO - Using device: cpu
2025-06-28 17:23:54,073 - INFO - Total model parameters: 9,078,784
2025-06-28 17:23:54,074 - INFO - Starting Geometric Language Model Experiment
2025-06-28 17:23:54,088 - INFO - Starting training...
2025-06-28 17:23:54,092 - INFO - Loaded 50 text samples
2025-06-28 17:24:01,870 - INFO - Epoch 1: Average Loss = 10.5632
2025-06-28 17:24:02,475 - INFO - Training completed in 0.00 hours
2025-06-28 17:24:02,476 - INFO - Evaluating similarity tasks...
2025-06-28 17:24:02,480 - INFO - Evaluating on wordsim353...
2025-06-28 17:24:06,001 - INFO - wordsim353: Spearman=-0.013, Pearson=0.102
2025-06-28 17:24:06,006 - INFO - Evaluating on simlex999...
2025-06-28 17:24:14,094 - INFO - simlex999: Spearman=-0.002, Pearson=0.002
2025-06-28 17:24:14,097 - INFO - Evaluating on scws_sample...
2025-06-28 17:24:14,136 - INFO - scws_sample: Spearman=0.800, Pearson=0.926
2025-06-28 17:24:14,138 - INFO - Evaluating on cosimlx_sample...
2025-06-28 17:24:14,181 - INFO - cosimlx_sample: Spearman=-0.100, Pearson=0.022
2025-06-28 17:24:14,182 - INFO - Evaluating GLUE tasks...
2025-06-28 17:24:14,183 - INFO - Measuring computational efficiency...
2025-06-28 17:24:14,935 - INFO - Inference speed: 144.3 samples/sec
2025-06-28 17:24:14,936 - INFO - Generating visualizations...
2025-06-28 17:24:16,322 - INFO - Visualizations saved
2025-06-28 17:24:16,353 - INFO - Results saved to results/
2025-06-28 17:24:16,354 - INFO - Experiment completed!
